<?xml version="1.0" encoding="UTF-8"?>
<!-- Generated by org.testng.reporters.JUnitReportReporter -->
<testsuite hostname="WINCTRL-6AL1M0F" name="nv.xz" tests="2" failures="0" timestamp="8 Feb 2020 03:22:48 GMT" time="0.040" errors="0">
  <testcase name="fc" time="0.036" classname="nv.xz"/>
  <testcase name="er" time="0.004" classname="nv.xz"/>
</testsuite> <!-- nv.xz -->
