<?xml version="1.0" encoding="UTF-8"?>
<!-- Generated by org.testng.reporters.JUnitReportReporter -->
<testsuite hostname="WINCTRL-6AL1M0F" name="prac.excel" tests="1" failures="0" timestamp="9 Mar 2020 15:45:33 GMT" time="2.401" errors="0">
  <testcase name="xw" time="2.401" classname="prac.excel"/>
</testsuite> <!-- prac.excel -->
