<?xml version="1.0" encoding="UTF-8"?>
<!-- Generated by org.testng.reporters.JUnitReportReporter -->
<testsuite hostname="WINCTRL-6AL1M0F" name="extere.sa" tests="2" failures="0" timestamp="28 Jan 2020 03:32:46 GMT" time="56.825" errors="0">
  <testcase name="fm" time="38.230" classname="extere.sa"/>
  <testcase name="fv" time="18.595" classname="extere.sa"/>
</testsuite> <!-- extere.sa -->
