<?xml version="1.0" encoding="UTF-8"?>
<!-- Generated by org.testng.reporters.JUnitReportReporter -->
<testsuite hostname="WINCTRL-6AL1M0F" name="xpath1.skjg" tests="2" failures="0" timestamp="3 Feb 2020 06:24:59 GMT" time="32.664" errors="0">
  <testcase name="er" time="20.657" classname="xpath1.skjg"/>
  <testcase name="fm" time="12.007" classname="xpath1.skjg"/>
</testsuite> <!-- xpath1.skjg -->
