<?xml version="1.0" encoding="UTF-8"?>
<!-- Generated by org.testng.reporters.JUnitReportReporter -->
<testsuite hostname="WINCTRL-6AL1M0F" name="framework1.tc2er" tests="5" failures="0" timestamp="8 Feb 2020 13:26:54 GMT" time="51.497" errors="0">
  <testcase name="navigate" time="0.216" classname="framework1.tc2er"/>
  <testcase name="vc" time="0.918" classname="framework1.tc2er"/>
  <testcase name="ds" time="23.569" classname="framework1.tc2er"/>
  <testcase name="driversetting" time="26.006" classname="framework1.tc2er"/>
  <testcase name="in" time="0.788" classname="framework1.tc2er"/>
</testsuite> <!-- framework1.tc2er -->
