<?xml version="1.0" encoding="UTF-8"?>
<!-- Generated by org.testng.reporters.JUnitReportReporter -->
<testsuite hostname="WINCTRL-6AL1M0F" name="framework1.tcscreen" tests="2" failures="0" timestamp="8 Feb 2020 13:31:33 GMT" time="64.254" errors="0">
  <testcase name="driversetting" time="28.474" classname="framework1.tcscreen"/>
  <testcase name="cn" time="35.780" classname="framework1.tcscreen"/>
</testsuite> <!-- framework1.tcscreen -->
