<?xml version="1.0" encoding="UTF-8"?>
<!-- Generated by org.testng.reporters.JUnitReportReporter -->
<testsuite hostname="WINCTRL-6AL1M0F" name="practise.indee" tests="2" failures="0" timestamp="13 Feb 2020 05:55:52 GMT" time="78.196" errors="0">
  <testcase name="fx" time="62.086" classname="practise.indee"/>
  <testcase name="sa" time="16.110" classname="practise.indee"/>
</testsuite> <!-- practise.indee -->
