<?xml version="1.0" encoding="UTF-8"?>
<!-- Generated by org.testng.reporters.JUnitReportReporter -->
<testsuite hostname="WINCTRL-6AL1M0F" name="datapro.rd" tests="4" failures="0" timestamp="7 Feb 2020 13:36:36 GMT" time="0.052" errors="0">
  <testcase name="fc" time="0.004" classname="datapro.rd"/>
  <testcase name="fc" time="0.010" classname="datapro.rd"/>
  <testcase name="fc" time="0.030" classname="datapro.rd"/>
  <testcase name="fc" time="0.008" classname="datapro.rd"/>
</testsuite> <!-- datapro.rd -->
