<?xml version="1.0" encoding="UTF-8"?>
<!-- Generated by org.testng.reporters.JUnitReportReporter -->
<testsuite hostname="WINCTRL-6AL1M0F" name="prac.ereport" tests="2" failures="0" timestamp="21 Feb 2020 13:03:28 GMT" time="17.575" errors="0">
  <testcase name="ew" time="7.296" classname="prac.ereport"/>
  <testcase name="sa" time="10.279" classname="prac.ereport"/>
</testsuite> <!-- prac.ereport -->
