<?xml version="1.0" encoding="UTF-8"?>
<!-- Generated by org.testng.reporters.JUnitReportReporter -->
<testsuite hostname="WINCTRL-6AL1M0F" name="practise.er" tests="2" failures="0" timestamp="7 Feb 2020 14:33:44 GMT" time="21.985" errors="0">
  <testcase name="xs" time="11.671" classname="practise.er"/>
  <testcase name="rt" time="10.314" classname="practise.er"/>
</testsuite> <!-- practise.er -->
