<?xml version="1.0" encoding="UTF-8"?>
<!-- Generated by org.testng.reporters.JUnitReportReporter -->
<testsuite hostname="WINCTRL-6AL1M0F" name="framework1.utility1" tests="1" failures="0" timestamp="7 Feb 2020 04:00:56 GMT" time="22.718" errors="0">
  <testcase name="driversetting" time="22.718" classname="framework1.utility1"/>
</testsuite> <!-- framework1.utility1 -->
