<?xml version="1.0" encoding="UTF-8"?>
<!-- Generated by org.testng.reporters.JUnitReportReporter -->
<testsuite hostname="WINCTRL-6AL1M0F" name="framework1.testcase" tests="3" failures="0" timestamp="9 Mar 2020 16:20:58 GMT" time="148.807" errors="0">
  <testcase name="driversetting" time="59.309" classname="framework1.testcase"/>
  <testcase name="cx" time="69.508" classname="framework1.testcase"/>
  <testcase name="cs" time="19.990" classname="framework1.testcase"/>
</testsuite> <!-- framework1.testcase -->
