<?xml version="1.0" encoding="UTF-8"?>
<!-- Generated by org.testng.reporters.JUnitReportReporter -->
<testsuite hostname="WINCTRL-6AL1M0F" name="bigbinary.bb" tests="1" failures="0" timestamp="9 Mar 2020 16:17:38 GMT" time="112.625" errors="0">
  <testcase name="we" time="112.625" classname="bigbinary.bb"/>
</testsuite> <!-- bigbinary.bb -->
