<?xml version="1.0" encoding="UTF-8"?>
<!-- Generated by org.testng.reporters.JUnitReportReporter -->
<testsuite hostname="WINCTRL-6AL1M0F" name="framework1.bb1" tests="1" failures="0" timestamp="10 Mar 2020 08:36:37 GMT" time="512.447" errors="0">
  <testcase name="fr" time="512.447" classname="framework1.bb1"/>
</testsuite> <!-- framework1.bb1 -->
